<?xml version="1.0" encoding="UTF-8"?>
<testsuite name="Regression Tests Pack"
           tests="5"
           failures="0"
           errors="0"
           skipped="0"
           time="9.659">
  <properties />
  
  
            <testcase name="verifyThatUserShouldBuildYouOwnComputerAndAddThemToCartSuccessfully" time="2.617" classname="com.nopcommerce.demo.testsuite.ComputerPageTest" />
                <testcase name="verifyThatUserShouldBuildYouOwnComputerAndAddThemToCartSuccessfully" time="2.196" classname="com.nopcommerce.demo.testsuite.ComputerPageTest" />
                <testcase name="verifyThatUserShouldBuildYouOwnComputerAndAddThemToCartSuccessfully" time="2.577" classname="com.nopcommerce.demo.testsuite.ComputerPageTest" />
                <testcase name="verifyUserShouldNavigateToComputerPageSuccessfully" time="0.928" classname="com.nopcommerce.demo.testsuite.ComputerPageTest" />
                <testcase name="verifyUserShouldNavigateToDesktopsPageSuccessfully" time="1.341" classname="com.nopcommerce.demo.testsuite.ComputerPageTest" />
      
</testsuite>
